08:34:39 | Aitor | Saioa hasi da. Erabiltzailea: Aitor
08:34:43 | Jon | Saioa hasi da. Erabiltzailea: Jon
08:34:47 | ezezaguna | Txat baimena kontsultatuta. Erabiltzailea ID: 2
08:35:13 | ezezaguna | Erreserbak kontsultatuta dataren arabera. Data: 2026-04-20
08:35:13 | ezezaguna | Mahai zerrenda kontsultatuta
08:35:13 | ezezaguna | Erreserbak kontsultatuta dataren arabera. Data: 2026-04-20
08:35:14 | ezezaguna | Txat baimena kontsultatuta. Erabiltzailea ID: 2
08:35:48 | ezezaguna | Txat baimena kontsultatuta. Erabiltzailea ID: 2
08:36:58 | ezezaguna | Mahai zerrenda kontsultatuta
08:36:58 | ezezaguna | Erreserbak kontsultatuta dataren arabera. Data: 2026-04-20
08:36:59 | ezezaguna | Ekintza ezin izan da osatu (400). Erreserba sortuta
08:37:08 | ezezaguna | Erreserba sortuta
08:37:08 | ezezaguna | Erreserbari mahaiak lotu zaizkio
08:37:09 | ezezaguna | Erreserbak kontsultatuta dataren arabera. Data: 2026-04-20
08:37:09 | ezezaguna | Mahai zerrenda kontsultatuta
08:37:09 | ezezaguna | Erreserbak kontsultatuta dataren arabera. Data: 2026-04-20
08:37:09 | ezezaguna | Erreserbako mahaiak kontsultatuta. Erreserba ID: 4
08:37:16 | ezezaguna | Mahai zerrenda kontsultatuta (Data: 2026-04-20, Txanda: Bazkaria)
08:37:16 | ezezaguna | Erreserbak kontsultatuta dataren arabera. Data: 2026-04-20
08:37:16 | ezezaguna | Mahai zerrenda kontsultatuta (Data: 2026-04-20, Txanda: Bazkaria)
08:37:16 | ezezaguna | Erreserbak kontsultatuta dataren arabera. Data: 2026-04-20
08:37:18 | ezezaguna | Mahaia aukeratua. Mahaia ID: 1 (Data: 2026-04-20, Txanda: Bazkaria)
08:37:18 | ezezaguna | Ez dago eskaera aktiborik. Mahaia: 1
08:37:18 | ezezaguna | Produktuak zerrenda kontsultatuta
08:37:18 | ezezaguna | Kategoriak zerrenda kontsultatuta
08:37:18 | ezezaguna | Ez dago eskaera aktiborik. Mahaia: 1
08:39:27 | ezezaguna | Mahai zerrenda kontsultatuta (Data: 2026-04-20, Txanda: Bazkaria)
08:39:27 | ezezaguna | Erreserbak kontsultatuta dataren arabera. Data: 2026-04-20
08:39:27 | ezezaguna | Mahai zerrenda kontsultatuta (Data: 2026-04-20, Txanda: Bazkaria)
08:39:27 | ezezaguna | Erreserbak kontsultatuta dataren arabera. Data: 2026-04-20
08:39:29 | ezezaguna | Mahaia aukeratua. Mahaia ID: 1 (Data: 2026-04-20, Txanda: Bazkaria)
08:39:29 | ezezaguna | Ez dago eskaera aktiborik. Mahaia: 1
08:39:29 | ezezaguna | Produktuak zerrenda kontsultatuta
08:39:29 | ezezaguna | Kategoriak zerrenda kontsultatuta
08:39:29 | ezezaguna | Ez dago eskaera aktiborik. Mahaia: 1
08:40:05 | id:2 | Eskaera gorde da. Mahaia: 1, Komentsalak: 3, Produktuak: 55x1, 28x1, 30x1, 69x1, 2x1
08:40:07 | ezezaguna | Produktuak zerrenda kontsultatuta
08:40:07 | ezezaguna | Eskaera aktiboa aukeratua. Mahaia: 1
08:40:07 | ezezaguna | Eskaeraren produktuak kontsultatuta. Eskaera ID: 5
08:40:35 | ezezaguna | Mahai zerrenda kontsultatuta (Data: 2026-04-20, Txanda: Bazkaria)
08:40:35 | ezezaguna | Erreserbak kontsultatuta dataren arabera. Data: 2026-04-20
08:40:35 | ezezaguna | Mahai zerrenda kontsultatuta (Data: 2026-04-20, Txanda: Bazkaria)
08:40:35 | ezezaguna | Erreserbak kontsultatuta dataren arabera. Data: 2026-04-20
08:40:38 | ezezaguna | Mahai zerrenda kontsultatuta (Data: 2026-04-20, Txanda: Bazkaria)
08:40:38 | ezezaguna | Erreserbak kontsultatuta dataren arabera. Data: 2026-04-20
08:40:38 | ezezaguna | Mahai zerrenda kontsultatuta (Data: 2026-04-20, Txanda: Bazkaria)
08:40:38 | ezezaguna | Erreserbak kontsultatuta dataren arabera. Data: 2026-04-20
08:40:39 | ezezaguna | Mahai zerrenda kontsultatuta (Data: 2026-04-20, Txanda: Afaria)
08:40:39 | ezezaguna | Erreserbak kontsultatuta dataren arabera. Data: 2026-04-20
08:40:39 | ezezaguna | Mahai zerrenda kontsultatuta (Data: 2026-04-20, Txanda: Afaria)
08:40:39 | ezezaguna | Erreserbak kontsultatuta dataren arabera. Data: 2026-04-20
08:40:39 | ezezaguna | Mahai zerrenda kontsultatuta (Data: 2026-04-20, Txanda: Bazkaria)
08:40:39 | ezezaguna | Erreserbak kontsultatuta dataren arabera. Data: 2026-04-20
08:40:39 | ezezaguna | Mahai zerrenda kontsultatuta (Data: 2026-04-20, Txanda: Bazkaria)
08:40:39 | ezezaguna | Erreserbak kontsultatuta dataren arabera. Data: 2026-04-20
08:40:42 | ezezaguna | Mahaia aukeratua. Mahaia ID: 1 (Data: 2026-04-20, Txanda: Bazkaria)
08:40:42 | ezezaguna | Eskaera aktiboa aukeratua. Mahaia: 1
08:40:42 | ezezaguna | Produktuak zerrenda kontsultatuta
08:40:42 | ezezaguna | Kategoriak zerrenda kontsultatuta
08:40:42 | ezezaguna | Eskaera aktiboa aukeratua. Mahaia: 1
08:40:42 | ezezaguna | Eskaeraren produktuak kontsultatuta. Eskaera ID: 5
08:40:51 | ezezaguna | Eskaera eguneratu da. Eskaera ID: 5, Komentsalak: 3, Produktuak: 55x1, 28x1, 30x1, 69x1, 3x1
08:40:52 | ezezaguna | Produktuak zerrenda kontsultatuta
08:40:52 | ezezaguna | Eskaera aktiboa aukeratua. Mahaia: 1
08:40:52 | ezezaguna | Eskaeraren produktuak kontsultatuta. Eskaera ID: 5
08:41:17 | ezezaguna | Eskaera eguneratu da. Eskaera ID: 5, Komentsalak: 3, Produktuak: 55x1, 28x1, 30x1, 69x1
08:41:18 | ezezaguna | Produktuak zerrenda kontsultatuta
08:41:18 | ezezaguna | Eskaera aktiboa aukeratua. Mahaia: 1
08:41:18 | ezezaguna | Eskaeraren produktuak kontsultatuta. Eskaera ID: 5
08:41:23 | ezezaguna | Eskaera eguneratu da. Eskaera ID: 5, Komentsalak: 3, Produktuak: 55x1, 28x1, 30x1, 69x1, 2x1
08:41:24 | ezezaguna | Produktuak zerrenda kontsultatuta
08:41:24 | ezezaguna | Eskaera aktiboa aukeratua. Mahaia: 1
08:41:24 | ezezaguna | Eskaeraren produktuak kontsultatuta. Eskaera ID: 5
08:41:30 | ezezaguna | Eskaera ordainketara bidali da. Eskaera ID: 5
08:41:34 | ezezaguna | Eskaera eguneratu da. Eskaera ID: 5, Komentsalak: 3, Produktuak: 55x1, 28x1, 30x1, 69x1, 2x2
08:41:35 | ezezaguna | Produktuak zerrenda kontsultatuta
08:41:35 | ezezaguna | Eskaera aktiboa aukeratua. Mahaia: 1
08:41:35 | ezezaguna | Eskaeraren produktuak kontsultatuta. Eskaera ID: 5
08:42:28 | ezezaguna | Eskaera ordainketara bidali da. Eskaera ID: 5
08:42:41 | ezezaguna | Eskaera eguneratu da. Eskaera ID: 5, Komentsalak: 3, Produktuak: 55x1, 28x1, 30x1, 69x1
08:42:43 | ezezaguna | Produktuak zerrenda kontsultatuta
08:42:43 | ezezaguna | Eskaera aktiboa aukeratua. Mahaia: 1
08:42:43 | ezezaguna | Eskaeraren produktuak kontsultatuta. Eskaera ID: 5
08:51:00 | Jon | Saioa hasi da. Erabiltzailea: Jon
08:51:02 | ezezaguna | Mahai zerrenda kontsultatuta (Data: 2026-04-20, Txanda: Bazkaria)
08:51:02 | ezezaguna | Erreserbak kontsultatuta dataren arabera. Data: 2026-04-20
08:51:02 | ezezaguna | Mahai zerrenda kontsultatuta (Data: 2026-04-20, Txanda: Bazkaria)
08:51:03 | ezezaguna | Erreserbak kontsultatuta dataren arabera. Data: 2026-04-20
08:51:04 | ezezaguna | Txat baimena kontsultatuta. Erabiltzailea ID: 2
08:51:07 | ezezaguna | Mahai zerrenda kontsultatuta (Data: 2026-04-20, Txanda: Bazkaria)
08:51:07 | ezezaguna | Erreserbak kontsultatuta dataren arabera. Data: 2026-04-20
08:51:07 | ezezaguna | Mahai zerrenda kontsultatuta (Data: 2026-04-20, Txanda: Bazkaria)
08:51:07 | ezezaguna | Erreserbak kontsultatuta dataren arabera. Data: 2026-04-20
08:51:11 | ezezaguna | Mahai zerrenda kontsultatuta (Data: 2026-04-20, Txanda: Afaria)
08:51:11 | ezezaguna | Erreserbak kontsultatuta dataren arabera. Data: 2026-04-20
08:51:12 | ezezaguna | Mahai zerrenda kontsultatuta (Data: 2026-04-20, Txanda: Afaria)
08:51:12 | ezezaguna | Erreserbak kontsultatuta dataren arabera. Data: 2026-04-20
08:51:12 | ezezaguna | Mahai zerrenda kontsultatuta (Data: 2026-04-20, Txanda: Bazkaria)
08:51:12 | ezezaguna | Erreserbak kontsultatuta dataren arabera. Data: 2026-04-20
08:51:12 | ezezaguna | Mahai zerrenda kontsultatuta (Data: 2026-04-20, Txanda: Bazkaria)
08:51:12 | ezezaguna | Erreserbak kontsultatuta dataren arabera. Data: 2026-04-20
08:51:24 | ezezaguna | Mahaia aukeratua. Mahaia ID: 1 (Data: 2026-04-20, Txanda: Bazkaria)
08:51:24 | ezezaguna | Ez dago eskaera aktiborik. Mahaia: 1
08:51:24 | ezezaguna | Produktuak zerrenda kontsultatuta
08:51:24 | ezezaguna | Kategoriak zerrenda kontsultatuta
08:51:24 | ezezaguna | Ez dago eskaera aktiborik. Mahaia: 1
08:51:28 | id:2 | Eskaera gorde da. Mahaia: 1, Komentsalak: 3, Produktuak: 30x1
08:51:29 | ezezaguna | Produktuak zerrenda kontsultatuta
08:51:29 | ezezaguna | Eskaera aktiboa aukeratua. Mahaia: 1
08:51:29 | ezezaguna | Eskaeraren produktuak kontsultatuta. Eskaera ID: 6
08:51:45 | ezezaguna | Eskaera ordainketara bidali da. Eskaera ID: 6
08:52:00 | ezezaguna | Ekintza ezin izan da osatu (400). Eskaera eguneratu da. Eskaera ID: 6, Komentsalak: 3, Produktuak: 30x1
08:52:04 | ezezaguna | Mahai zerrenda kontsultatuta (Data: 2026-04-20, Txanda: Bazkaria)
08:52:04 | ezezaguna | Erreserbak kontsultatuta dataren arabera. Data: 2026-04-20
08:52:04 | ezezaguna | Mahai zerrenda kontsultatuta (Data: 2026-04-20, Txanda: Bazkaria)
08:52:04 | ezezaguna | Erreserbak kontsultatuta dataren arabera. Data: 2026-04-20
08:52:06 | ezezaguna | Mahaia aukeratua. Mahaia ID: 1 (Data: 2026-04-20, Txanda: Bazkaria)
08:52:06 | ezezaguna | Eskaera aktiboa aukeratua. Mahaia: 1
08:52:06 | ezezaguna | Produktuak zerrenda kontsultatuta
08:52:06 | ezezaguna | Kategoriak zerrenda kontsultatuta
08:52:06 | ezezaguna | Eskaera aktiboa aukeratua. Mahaia: 1
08:52:06 | ezezaguna | Eskaeraren produktuak kontsultatuta. Eskaera ID: 6
08:52:22 | ezezaguna | Eskaera ordainketara bidali da. Eskaera ID: 6
08:52:29 | ezezaguna | Ekintza ezin izan da osatu (400). Eskaera eguneratu da. Eskaera ID: 6, Komentsalak: 3, Produktuak: 30x1
08:57:25 | Jon | Saioa hasi da. Erabiltzailea: Jon
08:57:26 | ezezaguna | Mahai zerrenda kontsultatuta (Data: 2026-04-20, Txanda: Bazkaria)
08:57:26 | ezezaguna | Erreserbak kontsultatuta dataren arabera. Data: 2026-04-20
08:57:26 | ezezaguna | Mahai zerrenda kontsultatuta (Data: 2026-04-20, Txanda: Bazkaria)
08:57:26 | ezezaguna | Erreserbak kontsultatuta dataren arabera. Data: 2026-04-20
08:57:38 | Jon | Saioa hasi da. Erabiltzailea: Jon
08:57:42 | ezezaguna | Mahai zerrenda kontsultatuta (Data: 2026-04-20, Txanda: Bazkaria)
08:57:42 | ezezaguna | Erreserbak kontsultatuta dataren arabera. Data: 2026-04-20
08:57:43 | ezezaguna | Mahai zerrenda kontsultatuta (Data: 2026-04-20, Txanda: Bazkaria)
08:57:43 | ezezaguna | Erreserbak kontsultatuta dataren arabera. Data: 2026-04-20
08:57:45 | ezezaguna | Mahaia aukeratua. Mahaia ID: 1 (Data: 2026-04-20, Txanda: Bazkaria)
08:57:45 | ezezaguna | Ez dago eskaera aktiborik. Mahaia: 1
08:57:45 | ezezaguna | Produktuak zerrenda kontsultatuta
08:57:45 | ezezaguna | Kategoriak zerrenda kontsultatuta
08:57:45 | ezezaguna | Ez dago eskaera aktiborik. Mahaia: 1
08:57:49 | id:2 | Eskaera gorde da. Mahaia: 1, Komentsalak: 3, Produktuak: 37x1
08:57:50 | ezezaguna | Produktuak zerrenda kontsultatuta
08:57:50 | ezezaguna | Eskaera aktiboa aukeratua. Mahaia: 1
08:57:50 | ezezaguna | Eskaeraren produktuak kontsultatuta. Eskaera ID: 7
08:57:59 | ezezaguna | Eskaera eguneratu da. Eskaera ID: 7, Komentsalak: 3, Produktuak: 37x2
08:57:59 | ezezaguna | Produktuak zerrenda kontsultatuta
08:58:00 | ezezaguna | Eskaera aktiboa aukeratua. Mahaia: 1
08:58:00 | ezezaguna | Eskaeraren produktuak kontsultatuta. Eskaera ID: 7
08:58:19 | ezezaguna | Eskaera ordainketara bidali da. Eskaera ID: 7
09:13:06 | Jon | Saioa hasi da. Erabiltzailea: Jon
09:13:09 | ezezaguna | Mahai zerrenda kontsultatuta (Data: 2026-04-20, Txanda: Bazkaria)
09:13:09 | ezezaguna | Erreserbak kontsultatuta dataren arabera. Data: 2026-04-20
09:13:09 | ezezaguna | Mahai zerrenda kontsultatuta (Data: 2026-04-20, Txanda: Bazkaria)
09:13:09 | ezezaguna | Erreserbak kontsultatuta dataren arabera. Data: 2026-04-20
